<?xml version="1.0" encoding="utf-8"?><testsuites name="pytest tests"><testsuite name="pytest" errors="0" failures="0" skipped="0" tests="20" time="2.789" timestamp="2026-06-13T11:56:20.633042+00:00" hostname="agent-env-03bdea4f-ce14-4806-b998-6e518788a290"><testcase classname="backend.tests.test_audio_tts_feature.TestAlphabetEndpoint" name="test_alphabet_returns_70_letters" time="0.472" /><testcase classname="backend.tests.test_audio_tts_feature.TestAlphabetEndpoint" name="test_alphabet_has_human_audio_field" time="0.100" /><testcase classname="backend.tests.test_audio_tts_feature.TestAlphabetEndpoint" name="test_alphabet_56_letters_have_human_audio" time="0.100" /><testcase classname="backend.tests.test_audio_tts_feature.TestAlphabetEndpoint" name="test_alphabet_numbers_have_no_human_audio" time="0.098" /><testcase classname="backend.tests.test_audio_tts_feature.TestAlphabetEndpoint" name="test_alphabet_consonant_has_human_audio" time="0.107" /><testcase classname="backend.tests.test_audio_tts_feature.TestAlphabetEndpoint" name="test_alphabet_tippi_addak_no_human_audio" time="0.102" /><testcase classname="backend.tests.test_audio_tts_feature.TestAlphabetEndpoint" name="test_alphabet_v_i_no_human_audio" time="0.106" /><testcase classname="backend.tests.test_audio_tts_feature.TestTTSHumanVoice" name="test_tts_human_sa_returns_200_mpeg" time="0.110" /><testcase classname="backend.tests.test_audio_tts_feature.TestTTSHumanVoice" name="test_tts_human_vowel_carrier_returns_200" time="0.133" /><testcase classname="backend.tests.test_audio_tts_feature.TestTTSHumanVoice" name="test_tts_human_num_1_returns_404" time="0.109" /><testcase classname="backend.tests.test_audio_tts_feature.TestTTSHumanVoice" name="test_tts_human_tippi_returns_404" time="0.103" /><testcase classname="backend.tests.test_audio_tts_feature.TestTTSHumanVoice" name="test_tts_human_v_i_returns_404" time="0.095" /><testcase classname="backend.tests.test_audio_tts_feature.TestTTSHumanVoice" name="test_tts_human_nonexistent_letter_returns_404" time="0.104" /><testcase classname="backend.tests.test_audio_tts_feature.TestTTSAIVoice" name="test_tts_ai_num_1_returns_200_mpeg" time="0.109" /><testcase classname="backend.tests.test_audio_tts_feature.TestTTSAIVoice" name="test_tts_ai_invalid_type_returns_400" time="0.096" /><testcase classname="backend.tests.test_audio_tts_feature.TestTTSAIVoice" name="test_tts_ai_nonexistent_letter_returns_404" time="0.103" /><testcase classname="backend.tests.test_audio_tts_feature.TestTTSAutoVoice" name="test_tts_auto_sa_returns_200" time="0.106" /><testcase classname="backend.tests.test_audio_tts_feature.TestTTSAutoVoice" name="test_tts_auto_num_1_returns_200_ai_fallback" time="0.106" /><testcase classname="backend.tests.test_audio_tts_feature.TestTTSAutoVoice" name="test_tts_auto_default_type" time="0.117" /><testcase classname="backend.tests.test_audio_tts_feature.TestTTSAutoVoice" name="test_tts_auto_consonant_with_human_serves_human_size" time="0.245" /></testsuite></testsuites>