<?xml version="1.0" encoding="utf-8"?><testsuites name="pytest tests"><testsuite name="pytest" errors="0" failures="0" skipped="0" tests="17" time="1.564" timestamp="2026-06-13T07:41:40.665981+00:00" hostname="agent-env-9b25769f-6fd1-4978-a610-31b1ae957ad1"><testcase classname="backend.tests.test_streak_feature.TestCalculateStreakAlgorithm" name="test_empty_no_streak" time="0.078" /><testcase classname="backend.tests.test_streak_feature.TestCalculateStreakAlgorithm" name="test_only_today_streak_one" time="0.000" /><testcase classname="backend.tests.test_streak_feature.TestCalculateStreakAlgorithm" name="test_consecutive_days_streak_counts" time="0.000" /><testcase classname="backend.tests.test_streak_feature.TestCalculateStreakAlgorithm" name="test_one_missed_day_grace_same_week" time="0.000" /><testcase classname="backend.tests.test_streak_feature.TestCalculateStreakAlgorithm" name="test_two_missed_days_same_week_breaks_streak" time="0.000" /><testcase classname="backend.tests.test_streak_feature.TestCalculateStreakAlgorithm" name="test_yesterday_only_streak_one" time="0.000" /><testcase classname="backend.tests.test_streak_feature.TestCalculateStreakAlgorithm" name="test_no_recent_activity_zero" time="0.000" /><testcase classname="backend.tests.test_streak_feature.TestCheckinEndpoint" name="test_checkin_returns_ok_and_current_streak" time="0.130" /><testcase classname="backend.tests.test_streak_feature.TestCheckinEndpoint" name="test_checkin_idempotent" time="0.220" /><testcase classname="backend.tests.test_streak_feature.TestCheckinEndpoint" name="test_checkin_response_shape" time="0.117" /><testcase classname="backend.tests.test_streak_feature.TestStatsEndpointWithStreakFields" name="test_stats_returns_streak_fields" time="0.090" /><testcase classname="backend.tests.test_streak_feature.TestStatsEndpointWithStreakFields" name="test_stats_streak_types" time="0.100" /><testcase classname="backend.tests.test_streak_feature.TestStatsEndpointWithStreakFields" name="test_practiced_today_true_after_checkin" time="0.195" /><testcase classname="backend.tests.test_streak_feature.TestStatsEndpointWithStreakFields" name="test_stats_still_has_time_tracking_fields" time="0.100" /><testcase classname="backend.tests.test_streak_feature.TestStatsEndpointWithStreakFields" name="test_current_streak_after_checkin_at_least_one" time="0.196" /><testcase classname="backend.tests.test_streak_feature.TestStatsEndpointWithStreakFields" name="test_longest_streak_at_least_current" time="0.196" /><testcase classname="backend.tests.test_streak_feature.TestStatsEndpointWithStreakFields" name="test_longest_streak_non_negative" time="0.091" /></testsuite></testsuites>