<?xml version="1.0" encoding="utf-8"?><testsuites name="pytest tests"><testsuite name="pytest" errors="0" failures="5" skipped="0" tests="18" time="82.322" timestamp="2026-06-14T02:29:14.840578+00:00" hostname="agent-env-03bdea4f-ce14-4806-b998-6e518788a290"><testcase classname="backend.tests.test_audio_persistence_cache.TestAudioFilePersistence" name="test_ai_cache_dir_has_70_files" time="0.001" /><testcase classname="backend.tests.test_audio_persistence_cache.TestAudioFilePersistence" name="test_human_audio_dir_has_54_files" time="0.000" /><testcase classname="backend.tests.test_audio_persistence_cache.TestAudioFilePersistence" name="test_ai_cache_all_files_are_nonzero" time="0.001" /><testcase classname="backend.tests.test_audio_persistence_cache.TestAudioFilePersistence" name="test_human_audio_all_files_are_nonzero" time="0.000" /><testcase classname="backend.tests.test_audio_persistence_cache.TestCacheControlHeaders" name="test_tts_cache_control_human_sa" time="0.270"><failure message="AssertionError: Expected 'public' in Cache-Control, got: 'no-store, no-cache, must-revalidate'&#10;assert 'public' in 'no-store, no-cache, must-revalidate'">backend/tests/test_audio_persistence_cache.py:60: in test_tts_cache_control_human_sa
    assert "public" in cc, f"Expected 'public' in Cache-Control, got: '{cc}'"
E   AssertionError: Expected 'public' in Cache-Control, got: 'no-store, no-cache, must-revalidate'
E   assert 'public' in 'no-store, no-cache, must-revalidate'</failure></testcase><testcase classname="backend.tests.test_audio_persistence_cache.TestCacheControlHeaders" name="test_tts_cache_control_ai_num_1" time="0.160"><failure message="AssertionError: Expected 'public' in Cache-Control for AI, got: 'no-store, no-cache, must-revalidate'&#10;assert 'public' in 'no-store, no-cache, must-revalidate'">backend/tests/test_audio_persistence_cache.py:68: in test_tts_cache_control_ai_num_1
    assert "public" in cc, f"Expected 'public' in Cache-Control for AI, got: '{cc}'"
E   AssertionError: Expected 'public' in Cache-Control for AI, got: 'no-store, no-cache, must-revalidate'
E   assert 'public' in 'no-store, no-cache, must-revalidate'</failure></testcase><testcase classname="backend.tests.test_audio_persistence_cache.TestCacheControlHeaders" name="test_tts_cache_control_max_age" time="0.129"><failure message="AssertionError: Expected max-age=86400 in Cache-Control, got: 'no-store, no-cache, must-revalidate'&#10;assert 'max-age=86400' in 'no-store, no-cache, must-revalidate'">backend/tests/test_audio_persistence_cache.py:76: in test_tts_cache_control_max_age
    assert "max-age=86400" in cc, f"Expected max-age=86400 in Cache-Control, got: '{cc}'"
E   AssertionError: Expected max-age=86400 in Cache-Control, got: 'no-store, no-cache, must-revalidate'
E   assert 'max-age=86400' in 'no-store, no-cache, must-revalidate'</failure></testcase><testcase classname="backend.tests.test_audio_persistence_cache.TestCacheControlHeaders" name="test_tts_cache_control_immutable" time="0.172"><failure message="AssertionError: Expected 'immutable' in Cache-Control, got: 'no-store, no-cache, must-revalidate'&#10;assert 'immutable' in 'no-store, no-cache, must-revalidate'">backend/tests/test_audio_persistence_cache.py:84: in test_tts_cache_control_immutable
    assert "immutable" in cc, f"Expected 'immutable' in Cache-Control, got: '{cc}'"
E   AssertionError: Expected 'immutable' in Cache-Control, got: 'no-store, no-cache, must-revalidate'
E   assert 'immutable' in 'no-store, no-cache, must-revalidate'</failure></testcase><testcase classname="backend.tests.test_audio_persistence_cache.TestCacheControlHeaders" name="test_tts_cache_control_auto_type" time="0.140"><failure message="AssertionError: Expected 'public' in Cache-Control for auto, got: 'no-store, no-cache, must-revalidate'&#10;assert 'public' in 'no-store, no-cache, must-revalidate'">backend/tests/test_audio_persistence_cache.py:92: in test_tts_cache_control_auto_type
    assert "public" in cc, f"Expected 'public' in Cache-Control for auto, got: '{cc}'"
E   AssertionError: Expected 'public' in Cache-Control for auto, got: 'no-store, no-cache, must-revalidate'
E   assert 'public' in 'no-store, no-cache, must-revalidate'</failure></testcase><testcase classname="backend.tests.test_audio_persistence_cache.TestCacheControlHeaders" name="test_content_type_is_audio_mpeg" time="0.388" /><testcase classname="backend.tests.test_audio_persistence_cache.TestAllAICacheViaAPI" name="test_all_70_ai_letters_serve_audio" time="7.852" /><testcase classname="backend.tests.test_audio_persistence_cache.TestAllAICacheViaAPI" name="test_number_letters_ai_cache" time="1.066" /><testcase classname="backend.tests.test_audio_persistence_cache.TestAllAICacheViaAPI" name="test_numbers_no_human_audio" time="1.014" /><testcase classname="backend.tests.test_audio_persistence_cache.TestAllAICacheViaAPI" name="test_number_ai_auto_fallback" time="1.038" /><testcase classname="backend.tests.test_audio_persistence_cache.TestServerHealthAfterLoad" name="test_alphabet_still_returns_70_after_load" time="0.119" /><testcase classname="backend.tests.test_audio_persistence_cache.TestServerHealthAfterLoad" name="test_alphabet_response_time_acceptable" time="0.105" /><testcase classname="backend.tests.test_audio_persistence_cache.TestServerHealthAfterLoad" name="test_multiple_concurrent_tts_requests" time="69.198" /><testcase classname="backend.tests.test_audio_persistence_cache.TestServerHealthAfterLoad" name="test_tts_audio_bytes_size_reasonable" time="0.564" /></testsuite></testsuites>