<?xml version="1.0" encoding="utf-8"?><testsuites name="pytest tests"><testsuite name="pytest" errors="0" failures="0" skipped="0" tests="12" time="3.464" timestamp="2026-06-13T07:20:28.156572+00:00" hostname="agent-env-9b25769f-6fd1-4978-a610-31b1ae957ad1"><testcase classname="backend.tests.test_stats_api.TestGetStats" name="test_get_stats_returns_200" time="0.279" /><testcase classname="backend.tests.test_stats_api.TestGetStats" name="test_get_stats_response_shape" time="0.109" /><testcase classname="backend.tests.test_stats_api.TestGetStats" name="test_get_stats_values_non_negative" time="0.095" /><testcase classname="backend.tests.test_stats_api.TestUpdateStats" name="test_update_stats_returns_ok" time="0.096" /><testcase classname="backend.tests.test_stats_api.TestUpdateStats" name="test_update_with_app_seconds_only" time="0.317" /><testcase classname="backend.tests.test_stats_api.TestUpdateStats" name="test_update_with_practice_seconds_only" time="0.552" /><testcase classname="backend.tests.test_stats_api.TestUpdateStats" name="test_update_both_seconds" time="0.290" /><testcase classname="backend.tests.test_stats_api.TestUpdateStats" name="test_update_today_app_seconds" time="0.617" /><testcase classname="backend.tests.test_stats_api.TestUpdateStats" name="test_update_today_practice_seconds" time="0.288" /><testcase classname="backend.tests.test_stats_api.TestUpdateStats" name="test_update_rejects_missing_fields" time="0.236" /><testcase classname="backend.tests.test_stats_api.TestUpdateStats" name="test_update_zero_zero_returns_ok" time="0.133" /><testcase classname="backend.tests.test_stats_api.TestUpdateStats" name="test_update_negative_values_clamped" time="0.335" /></testsuite></testsuites>