<?xml version="1.0" encoding="utf-8"?><testsuites name="pytest tests"><testsuite name="pytest" errors="0" failures="0" skipped="0" tests="14" time="4.112" timestamp="2026-06-11T05:12:58.238152+00:00" hostname="agent-env-bdb7ea8c-dfc8-401f-bc04-da0ee3f9b629"><testcase classname="backend.tests.test_refactored_backend.TestAlphabet" name="test_get_alphabet_status" time="0.180" /><testcase classname="backend.tests.test_refactored_backend.TestAlphabet" name="test_get_alphabet_count" time="0.110" /><testcase classname="backend.tests.test_refactored_backend.TestAlphabet" name="test_get_alphabet_fields" time="0.107" /><testcase classname="backend.tests.test_refactored_backend.TestAlphabet" name="test_get_alphabet_no_empty_ids" time="0.102" /><testcase classname="backend.tests.test_refactored_backend.TestProgress" name="test_get_progress_status" time="0.111" /><testcase classname="backend.tests.test_refactored_backend.TestProgress" name="test_get_progress_format" time="0.133" /><testcase classname="backend.tests.test_refactored_backend.TestProgress" name="test_update_progress_correct_true" time="0.112" /><testcase classname="backend.tests.test_refactored_backend.TestProgress" name="test_update_progress_correct_false" time="0.100" /><testcase classname="backend.tests.test_refactored_backend.TestProgress" name="test_update_progress_persists" time="0.345" /><testcase classname="backend.tests.test_refactored_backend.TestProgress" name="test_reset_progress" time="0.214" /><testcase classname="backend.tests.test_refactored_backend.TestProgress" name="test_reset_clears_progress" time="0.340" /><testcase classname="backend.tests.test_refactored_backend.TestTTS" name="test_tts_valid_letter" time="1.978" /><testcase classname="backend.tests.test_refactored_backend.TestTTS" name="test_tts_content_type" time="0.124" /><testcase classname="backend.tests.test_refactored_backend.TestTTS" name="test_tts_invalid_letter" time="0.098" /></testsuite></testsuites>