<?xml version="1.0" encoding="utf-8"?><testsuites name="pytest tests"><testsuite name="pytest" errors="0" failures="0" skipped="0" tests="14" time="4.121" timestamp="2026-03-19T05:46:03.211714+00:00" hostname="agent-env-bdb7ea8c-dfc8-401f-bc04-da0ee3f9b629"><testcase classname="backend.tests.test_alphabet_app.TestAlphabet" name="test_get_alphabet_returns_200" time="0.240" /><testcase classname="backend.tests.test_alphabet_app.TestAlphabet" name="test_get_alphabet_returns_60_letters" time="0.104" /><testcase classname="backend.tests.test_alphabet_app.TestAlphabet" name="test_alphabet_has_required_fields" time="0.142" /><testcase classname="backend.tests.test_alphabet_app.TestAlphabet" name="test_alphabet_categories" time="0.117" /><testcase classname="backend.tests.test_alphabet_app.TestProgress" name="test_get_progress_returns_200" time="0.099" /><testcase classname="backend.tests.test_alphabet_app.TestProgress" name="test_get_progress_returns_dict" time="0.104" /><testcase classname="backend.tests.test_alphabet_app.TestProgress" name="test_update_progress_correct" time="0.147" /><testcase classname="backend.tests.test_alphabet_app.TestProgress" name="test_update_progress_wrong" time="0.103" /><testcase classname="backend.tests.test_alphabet_app.TestProgress" name="test_update_persists_in_progress" time="0.241" /><testcase classname="backend.tests.test_alphabet_app.TestProgress" name="test_reset_progress" time="0.103" /><testcase classname="backend.tests.test_alphabet_app.TestProgress" name="test_progress_empty_after_reset" time="0.232" /><testcase classname="backend.tests.test_alphabet_app.TestProgress" name="test_update_progress_invalid_letter" time="0.167" /><testcase classname="backend.tests.test_alphabet_app.TestTTS" name="test_tts_returns_audio" time="2.167" /><testcase classname="backend.tests.test_alphabet_app.TestTTS" name="test_tts_invalid_letter" time="0.097" /></testsuite></testsuites>